<?xml version="1.0" encoding="UTF-8"?>
<!-- Generated by org.testng.reporters.JUnitReportReporter -->
<testsuite hostname="DESKTOP-IQFTFHJ" name="tests.ExpiryDatesTest" tests="4" failures="0" timestamp="23 Dec 2019 18:51:29 GMT" time="3.413" errors="0">
  <testcase name="makeLogoutTest" time="0.641" classname="tests.ExpiryDatesTest"/>
  <testcase name="requestPermitTest" time="0.508" classname="tests.ExpiryDatesTest"/>
  <testcase name="makeLoginFormTest" time="1.304" classname="tests.ExpiryDatesTest"/>
  <testcase name="openLoginFormTest" time="0.960" classname="tests.ExpiryDatesTest"/>
</testsuite> <!-- tests.ExpiryDatesTest -->
