<?xml version="1.0" encoding="UTF-8"?>
<!-- Generated by org.testng.reporters.JUnitReportReporter -->
<testsuite hostname="DESKTOP-IQFTFHJ" name="tests.ForgetPasswordTest" tests="5" failures="0" timestamp="23 Dec 2019 18:51:29 GMT" time="5.636" errors="0">
  <testcase name="invalidDataForgetPasswordFormTest" time="0.682" classname="tests.ForgetPasswordTest"/>
  <testcase name="openLoginFormTest" time="0.917" classname="tests.ForgetPasswordTest"/>
  <testcase name="openForgetPasswordFormTest" time="0.485" classname="tests.ForgetPasswordTest"/>
  <testcase name="emptydataForgetPasswordFormTest" time="0.151" classname="tests.ForgetPasswordTest"/>
  <testcase name="forgetPasswordFormTest" time="3.401" classname="tests.ForgetPasswordTest"/>
</testsuite> <!-- tests.ForgetPasswordTest -->
