<?xml version="1.0" encoding="UTF-8"?>
<!-- Generated by org.testng.reporters.JUnitReportReporter -->
<testsuite hostname="DESKTOP-IQFTFHJ" name="tests.ExportRequestPermitTest" tests="5" failures="0" timestamp="23 Dec 2019 18:51:29 GMT" time="55.155" errors="0">
  <testcase name="openLoginFormTest" time="5.203" classname="tests.ExportRequestPermitTest"/>
  <testcase name="makeLogoutTest" time="0.789" classname="tests.ExportRequestPermitTest"/>
  <testcase name="validFillExportPermitForm" time="44.795" classname="tests.ExportRequestPermitTest"/>
  <testcase name="makeLoginFormTest" time="2.840" classname="tests.ExportRequestPermitTest"/>
  <testcase name="exportPermitRequestTest" time="1.528" classname="tests.ExportRequestPermitTest"/>
</testsuite> <!-- tests.ExportRequestPermitTest -->
