<?xml version="1.0" encoding="UTF-8"?>
<!-- Generated by org.testng.reporters.JUnitReportReporter -->
<testsuite hostname="DESKTOP-IQFTFHJ" name="tests.RegistrationFormTest" tests="2" failures="0" timestamp="16 Dec 2019 12:27:28 GMT" time="5.701" errors="0">
  <testcase name="openRegisterFormTest" time="0.913" classname="tests.RegistrationFormTest"/>
  <testcase name="submitRegisterFormTest" time="4.788" classname="tests.RegistrationFormTest"/>
</testsuite> <!-- tests.RegistrationFormTest -->
