<?xml version="1.0" encoding="UTF-8"?>
<!-- Generated by org.testng.reporters.JUnitReportReporter -->
<testsuite hostname="DESKTOP-IQFTFHJ" name="tests.RequestPermitTest" tests="6" failures="0" timestamp="23 Dec 2019 18:51:29 GMT" time="5.126" errors="0">
  <testcase name="makeLoginFormTest" time="1.303" classname="tests.RequestPermitTest"/>
  <testcase name="requestPermitTest" time="0.512" classname="tests.RequestPermitTest"/>
  <testcase name="makeLogoutTest" time="0.686" classname="tests.RequestPermitTest"/>
  <testcase name="exportPermitRequestTest" time="1.253" classname="tests.RequestPermitTest"/>
  <testcase name="openLoginFormTest" time="0.798" classname="tests.RequestPermitTest"/>
  <testcase name="selectPermitTypeTest" time="0.574" classname="tests.RequestPermitTest"/>
</testsuite> <!-- tests.RequestPermitTest -->
