<?xml version="1.0" encoding="UTF-8"?>
<!-- Generated by org.testng.reporters.JUnitReportReporter -->
<testsuite skipped="0" hostname="DESKTOP-IQFTFHJ" name="tests.ExportRequestPermitTest" tests="5" failures="0" timestamp="2019-12-25T15:17:06 EET" time="53.055" errors="0">
  <testcase name="openLoginFormTest" time="1.080" classname="tests.ExportRequestPermitTest"/>
  <testcase name="makeLoginFormTest" time="1.338" classname="tests.ExportRequestPermitTest"/>
  <testcase name="exportPermitRequestTest" time="2.789" classname="tests.ExportRequestPermitTest"/>
  <testcase name="validFillExportPermitForm" time="46.790" classname="tests.ExportRequestPermitTest"/>
  <testcase name="makeLogoutTest" time="1.058" classname="tests.ExportRequestPermitTest"/>
</testsuite> <!-- tests.ExportRequestPermitTest -->
