<?xml version="1.0" encoding="UTF-8"?>
<!-- Generated by org.testng.reporters.JUnitReportReporter -->
<testsuite skipped="0" hostname="DESKTOP-IQFTFHJ" name="tests.RequestPermitTest" tests="6" failures="0" timestamp="2019-12-25T15:17:06 EET" time="5.051" errors="0">
  <testcase name="openLoginFormTest" time="0.868" classname="tests.RequestPermitTest"/>
  <testcase name="makeLoginFormTest" time="1.073" classname="tests.RequestPermitTest"/>
  <testcase name="requestPermitTest" time="0.492" classname="tests.RequestPermitTest"/>
  <testcase name="selectPermitTypeTest" time="0.440" classname="tests.RequestPermitTest"/>
  <testcase name="exportPermitRequestTest" time="1.506" classname="tests.RequestPermitTest"/>
  <testcase name="makeLogoutTest" time="0.672" classname="tests.RequestPermitTest"/>
</testsuite> <!-- tests.RequestPermitTest -->
