<?xml version="1.0" encoding="UTF-8"?>
<!-- Generated by org.testng.reporters.JUnitReportReporter -->
<testsuite skipped="0" hostname="DESKTOP-IQFTFHJ" name="tests.ExpiryDatesTest" tests="4" failures="0" timestamp="2019-12-25T15:17:06 EET" time="14.952" errors="0">
  <testcase name="openLoginFormTest" time="11.688" classname="tests.ExpiryDatesTest"/>
  <testcase name="makeLoginFormTest" time="1.594" classname="tests.ExpiryDatesTest"/>
  <testcase name="requestPermitTest" time="0.818" classname="tests.ExpiryDatesTest"/>
  <testcase name="makeLogoutTest" time="0.852" classname="tests.ExpiryDatesTest"/>
</testsuite> <!-- tests.ExpiryDatesTest -->
