<?xml version="1.0" encoding="UTF-8"?>
<!-- Generated by org.testng.reporters.JUnitReportReporter -->
<testsuite skipped="0" hostname="DESKTOP-IQFTFHJ" name="tests.LoginTest" tests="6" failures="0" timestamp="2019-12-25T15:17:06 EET" time="8.541" errors="0">
  <testcase name="openLoginFormTest" time="1.454" classname="tests.LoginTest"/>
  <testcase name="emptydataLoginFormTest" time="0.337" classname="tests.LoginTest"/>
  <testcase name="emptyEmailFieldLoginFormTest" time="0.772" classname="tests.LoginTest"/>
  <testcase name="emptyPasswordFieldLoginFormTest" time="1.317" classname="tests.LoginTest"/>
  <testcase name="makeLoginFormTest" time="2.499" classname="tests.LoginTest"/>
  <testcase name="makeLogoutTest" time="2.162" classname="tests.LoginTest"/>
</testsuite> <!-- tests.LoginTest -->
