<?xml version="1.0" encoding="UTF-8"?>
<!-- Generated by org.testng.reporters.JUnitReportReporter -->
<testsuite skipped="0" hostname="DESKTOP-IQFTFHJ" name="tests.PermitManagementListTest" tests="4" failures="0" timestamp="2019-12-25T15:17:06 EET" time="6.435" errors="0">
  <testcase name="openLoginFormTest" time="1.515" classname="tests.PermitManagementListTest"/>
  <testcase name="makeLoginFormTest" time="1.970" classname="tests.PermitManagementListTest"/>
  <testcase name="openPermitMagementListTest" time="1.857" classname="tests.PermitManagementListTest"/>
  <testcase name="makeLogoutTest" time="1.093" classname="tests.PermitManagementListTest"/>
</testsuite> <!-- tests.PermitManagementListTest -->
