<?xml version="1.0" encoding="UTF-8"?>
<!-- Generated by org.testng.reporters.JUnitReportReporter -->
<testsuite skipped="0" hostname="DESKTOP-IQFTFHJ" name="tests.ForgetPasswordTest" tests="5" failures="0" timestamp="2019-12-25T15:17:06 EET" time="7.262" errors="0">
  <testcase name="openLoginFormTest" time="1.210" classname="tests.ForgetPasswordTest"/>
  <testcase name="openForgetPasswordFormTest" time="0.689" classname="tests.ForgetPasswordTest"/>
  <testcase name="emptydataForgetPasswordFormTest" time="0.185" classname="tests.ForgetPasswordTest"/>
  <testcase name="invalidDataForgetPasswordFormTest" time="1.372" classname="tests.ForgetPasswordTest"/>
  <testcase name="forgetPasswordFormTest" time="3.806" classname="tests.ForgetPasswordTest"/>
</testsuite> <!-- tests.ForgetPasswordTest -->
